
sonar.cpp.elf:     file format elf32-avr


Disassembly of section .text:

00000000 <__vectors>:
   0:	0c 94 61 00 	jmp	0xc2	; 0xc2 <__ctors_end>
   4:	0c 94 73 00 	jmp	0xe6	; 0xe6 <__bad_interrupt>
   8:	0c 94 73 00 	jmp	0xe6	; 0xe6 <__bad_interrupt>
   c:	0c 94 73 00 	jmp	0xe6	; 0xe6 <__bad_interrupt>
  10:	0c 94 73 00 	jmp	0xe6	; 0xe6 <__bad_interrupt>
  14:	0c 94 73 00 	jmp	0xe6	; 0xe6 <__bad_interrupt>
  18:	0c 94 73 00 	jmp	0xe6	; 0xe6 <__bad_interrupt>
  1c:	0c 94 73 00 	jmp	0xe6	; 0xe6 <__bad_interrupt>
  20:	0c 94 73 00 	jmp	0xe6	; 0xe6 <__bad_interrupt>
  24:	0c 94 73 00 	jmp	0xe6	; 0xe6 <__bad_interrupt>
  28:	0c 94 73 00 	jmp	0xe6	; 0xe6 <__bad_interrupt>
  2c:	0c 94 73 00 	jmp	0xe6	; 0xe6 <__bad_interrupt>
  30:	0c 94 73 00 	jmp	0xe6	; 0xe6 <__bad_interrupt>
  34:	0c 94 73 00 	jmp	0xe6	; 0xe6 <__bad_interrupt>
  38:	0c 94 73 00 	jmp	0xe6	; 0xe6 <__bad_interrupt>
  3c:	0c 94 73 00 	jmp	0xe6	; 0xe6 <__bad_interrupt>
  40:	0c 94 a2 00 	jmp	0x144	; 0x144 <__vector_16>
  44:	0c 94 73 00 	jmp	0xe6	; 0xe6 <__bad_interrupt>
  48:	0c 94 73 00 	jmp	0xe6	; 0xe6 <__bad_interrupt>
  4c:	0c 94 73 00 	jmp	0xe6	; 0xe6 <__bad_interrupt>
  50:	0c 94 73 00 	jmp	0xe6	; 0xe6 <__bad_interrupt>
  54:	0c 94 73 00 	jmp	0xe6	; 0xe6 <__bad_interrupt>
  58:	0c 94 73 00 	jmp	0xe6	; 0xe6 <__bad_interrupt>
  5c:	0c 94 73 00 	jmp	0xe6	; 0xe6 <__bad_interrupt>
  60:	0c 94 73 00 	jmp	0xe6	; 0xe6 <__bad_interrupt>
  64:	0c 94 73 00 	jmp	0xe6	; 0xe6 <__bad_interrupt>

00000068 <digital_pin_to_timer_PGM>:
  68:	00 00 00 07 00 02 01 00 00 03 04 06 00 00 00 00     ................
  78:	00 00 00 00                                         ....

0000007c <digital_pin_to_bit_mask_PGM>:
  7c:	01 02 04 08 10 20 40 80 01 02 04 08 10 20 01 02     ..... @...... ..
  8c:	04 08 10 20                                         ... 

00000090 <digital_pin_to_port_PGM>:
  90:	04 04 04 04 04 04 04 04 02 02 02 02 02 02 03 03     ................
  a0:	03 03 03 03                                         ....

000000a4 <port_to_input_PGM>:
  a4:	00 00 00 00 23 00 26 00 29 00                       ....#.&.).

000000ae <port_to_output_PGM>:
  ae:	00 00 00 00 25 00 28 00 2b 00                       ....%.(.+.

000000b8 <port_to_mode_PGM>:
  b8:	00 00 00 00 24 00 27 00 2a 00                       ....$.'.*.

000000c2 <__ctors_end>:
  c2:	11 24       	eor	r1, r1
  c4:	1f be       	out	0x3f, r1	; 63
  c6:	cf ef       	ldi	r28, 0xFF	; 255
  c8:	d8 e0       	ldi	r29, 0x08	; 8
  ca:	de bf       	out	0x3e, r29	; 62
  cc:	cd bf       	out	0x3d, r28	; 61

000000ce <__do_clear_bss>:
  ce:	11 e0       	ldi	r17, 0x01	; 1
  d0:	a0 e0       	ldi	r26, 0x00	; 0
  d2:	b1 e0       	ldi	r27, 0x01	; 1
  d4:	01 c0       	rjmp	.+2      	; 0xd8 <.do_clear_bss_start>

000000d6 <.do_clear_bss_loop>:
  d6:	1d 92       	st	X+, r1

000000d8 <.do_clear_bss_start>:
  d8:	a9 30       	cpi	r26, 0x09	; 9
  da:	b1 07       	cpc	r27, r17
  dc:	e1 f7       	brne	.-8      	; 0xd6 <.do_clear_bss_loop>
  de:	0e 94 55 02 	call	0x4aa	; 0x4aa <main>
  e2:	0c 94 a4 02 	jmp	0x548	; 0x548 <_exit>

000000e6 <__bad_interrupt>:
  e6:	0c 94 00 00 	jmp	0	; 0x0 <__vectors>

000000ea <setup>:
  ea:	61 e0       	ldi	r22, 0x01	; 1
  ec:	82 e0       	ldi	r24, 0x02	; 2
  ee:	0c 94 5b 01 	jmp	0x2b6	; 0x2b6 <pinMode>

000000f2 <_Z5sonarv>:
  f2:	60 e0       	ldi	r22, 0x00	; 0
  f4:	82 e0       	ldi	r24, 0x02	; 2
  f6:	0e 94 94 01 	call	0x328	; 0x328 <digitalWrite>
  fa:	82 e0       	ldi	r24, 0x02	; 2
  fc:	90 e0       	ldi	r25, 0x00	; 0
  fe:	0e 94 ec 00 	call	0x1d8	; 0x1d8 <delayMicroseconds>
 102:	61 e0       	ldi	r22, 0x01	; 1
 104:	82 e0       	ldi	r24, 0x02	; 2
 106:	0e 94 94 01 	call	0x328	; 0x328 <digitalWrite>
 10a:	8a e0       	ldi	r24, 0x0A	; 10
 10c:	90 e0       	ldi	r25, 0x00	; 0
 10e:	0e 94 ec 00 	call	0x1d8	; 0x1d8 <delayMicroseconds>
 112:	60 e0       	ldi	r22, 0x00	; 0
 114:	82 e0       	ldi	r24, 0x02	; 2
 116:	0e 94 94 01 	call	0x328	; 0x328 <digitalWrite>
 11a:	60 e0       	ldi	r22, 0x00	; 0
 11c:	84 e0       	ldi	r24, 0x04	; 4
 11e:	0e 94 5b 01 	call	0x2b6	; 0x2b6 <pinMode>
 122:	20 e4       	ldi	r18, 0x40	; 64
 124:	32 e4       	ldi	r19, 0x42	; 66
 126:	4f e0       	ldi	r20, 0x0F	; 15
 128:	50 e0       	ldi	r21, 0x00	; 0
 12a:	61 e0       	ldi	r22, 0x01	; 1
 12c:	84 e0       	ldi	r24, 0x04	; 4
 12e:	0e 94 ca 01 	call	0x394	; 0x394 <pulseIn>
 132:	cb 01       	movw	r24, r22
 134:	6a e3       	ldi	r22, 0x3A	; 58
 136:	70 e0       	ldi	r23, 0x00	; 0
 138:	0e 94 6d 02 	call	0x4da	; 0x4da <__divmodhi4>
 13c:	cb 01       	movw	r24, r22
 13e:	08 95       	ret

00000140 <loop>:
 140:	0c 94 79 00 	jmp	0xf2	; 0xf2 <_Z5sonarv>

00000144 <__vector_16>:
 144:	1f 92       	push	r1
 146:	0f 92       	push	r0
 148:	0f b6       	in	r0, 0x3f	; 63
 14a:	0f 92       	push	r0
 14c:	11 24       	eor	r1, r1
 14e:	2f 93       	push	r18
 150:	3f 93       	push	r19
 152:	8f 93       	push	r24
 154:	9f 93       	push	r25
 156:	af 93       	push	r26
 158:	bf 93       	push	r27
 15a:	80 91 01 01 	lds	r24, 0x0101
 15e:	90 91 02 01 	lds	r25, 0x0102
 162:	a0 91 03 01 	lds	r26, 0x0103
 166:	b0 91 04 01 	lds	r27, 0x0104
 16a:	30 91 00 01 	lds	r19, 0x0100
 16e:	23 e0       	ldi	r18, 0x03	; 3
 170:	23 0f       	add	r18, r19
 172:	2d 37       	cpi	r18, 0x7D	; 125
 174:	20 f4       	brcc	.+8      	; 0x17e <__vector_16+0x3a>
 176:	01 96       	adiw	r24, 0x01	; 1
 178:	a1 1d       	adc	r26, r1
 17a:	b1 1d       	adc	r27, r1
 17c:	05 c0       	rjmp	.+10     	; 0x188 <__vector_16+0x44>
 17e:	26 e8       	ldi	r18, 0x86	; 134
 180:	23 0f       	add	r18, r19
 182:	02 96       	adiw	r24, 0x02	; 2
 184:	a1 1d       	adc	r26, r1
 186:	b1 1d       	adc	r27, r1
 188:	20 93 00 01 	sts	0x0100, r18
 18c:	80 93 01 01 	sts	0x0101, r24
 190:	90 93 02 01 	sts	0x0102, r25
 194:	a0 93 03 01 	sts	0x0103, r26
 198:	b0 93 04 01 	sts	0x0104, r27
 19c:	80 91 05 01 	lds	r24, 0x0105
 1a0:	90 91 06 01 	lds	r25, 0x0106
 1a4:	a0 91 07 01 	lds	r26, 0x0107
 1a8:	b0 91 08 01 	lds	r27, 0x0108
 1ac:	01 96       	adiw	r24, 0x01	; 1
 1ae:	a1 1d       	adc	r26, r1
 1b0:	b1 1d       	adc	r27, r1
 1b2:	80 93 05 01 	sts	0x0105, r24
 1b6:	90 93 06 01 	sts	0x0106, r25
 1ba:	a0 93 07 01 	sts	0x0107, r26
 1be:	b0 93 08 01 	sts	0x0108, r27
 1c2:	bf 91       	pop	r27
 1c4:	af 91       	pop	r26
 1c6:	9f 91       	pop	r25
 1c8:	8f 91       	pop	r24
 1ca:	3f 91       	pop	r19
 1cc:	2f 91       	pop	r18
 1ce:	0f 90       	pop	r0
 1d0:	0f be       	out	0x3f, r0	; 63
 1d2:	0f 90       	pop	r0
 1d4:	1f 90       	pop	r1
 1d6:	18 95       	reti

000001d8 <delayMicroseconds>:
 1d8:	01 97       	sbiw	r24, 0x01	; 1
 1da:	00 97       	sbiw	r24, 0x00	; 0
 1dc:	39 f0       	breq	.+14     	; 0x1ec <delayMicroseconds+0x14>
 1de:	88 0f       	add	r24, r24
 1e0:	99 1f       	adc	r25, r25
 1e2:	88 0f       	add	r24, r24
 1e4:	99 1f       	adc	r25, r25
 1e6:	02 97       	sbiw	r24, 0x02	; 2
 1e8:	01 97       	sbiw	r24, 0x01	; 1
 1ea:	f1 f7       	brne	.-4      	; 0x1e8 <delayMicroseconds+0x10>
 1ec:	08 95       	ret

000001ee <init>:
 1ee:	78 94       	sei
 1f0:	84 b5       	in	r24, 0x24	; 36
 1f2:	82 60       	ori	r24, 0x02	; 2
 1f4:	84 bd       	out	0x24, r24	; 36
 1f6:	84 b5       	in	r24, 0x24	; 36
 1f8:	81 60       	ori	r24, 0x01	; 1
 1fa:	84 bd       	out	0x24, r24	; 36
 1fc:	85 b5       	in	r24, 0x25	; 37
 1fe:	82 60       	ori	r24, 0x02	; 2
 200:	85 bd       	out	0x25, r24	; 37
 202:	85 b5       	in	r24, 0x25	; 37
 204:	81 60       	ori	r24, 0x01	; 1
 206:	85 bd       	out	0x25, r24	; 37
 208:	ee e6       	ldi	r30, 0x6E	; 110
 20a:	f0 e0       	ldi	r31, 0x00	; 0
 20c:	80 81       	ld	r24, Z
 20e:	81 60       	ori	r24, 0x01	; 1
 210:	80 83       	st	Z, r24
 212:	e1 e8       	ldi	r30, 0x81	; 129
 214:	f0 e0       	ldi	r31, 0x00	; 0
 216:	10 82       	st	Z, r1
 218:	80 81       	ld	r24, Z
 21a:	82 60       	ori	r24, 0x02	; 2
 21c:	80 83       	st	Z, r24
 21e:	80 81       	ld	r24, Z
 220:	81 60       	ori	r24, 0x01	; 1
 222:	80 83       	st	Z, r24
 224:	e0 e8       	ldi	r30, 0x80	; 128
 226:	f0 e0       	ldi	r31, 0x00	; 0
 228:	80 81       	ld	r24, Z
 22a:	81 60       	ori	r24, 0x01	; 1
 22c:	80 83       	st	Z, r24
 22e:	e1 eb       	ldi	r30, 0xB1	; 177
 230:	f0 e0       	ldi	r31, 0x00	; 0
 232:	80 81       	ld	r24, Z
 234:	84 60       	ori	r24, 0x04	; 4
 236:	80 83       	st	Z, r24
 238:	e0 eb       	ldi	r30, 0xB0	; 176
 23a:	f0 e0       	ldi	r31, 0x00	; 0
 23c:	80 81       	ld	r24, Z
 23e:	81 60       	ori	r24, 0x01	; 1
 240:	80 83       	st	Z, r24
 242:	ea e7       	ldi	r30, 0x7A	; 122
 244:	f0 e0       	ldi	r31, 0x00	; 0
 246:	80 81       	ld	r24, Z
 248:	84 60       	ori	r24, 0x04	; 4
 24a:	80 83       	st	Z, r24
 24c:	80 81       	ld	r24, Z
 24e:	82 60       	ori	r24, 0x02	; 2
 250:	80 83       	st	Z, r24
 252:	80 81       	ld	r24, Z
 254:	81 60       	ori	r24, 0x01	; 1
 256:	80 83       	st	Z, r24
 258:	80 81       	ld	r24, Z
 25a:	80 68       	ori	r24, 0x80	; 128
 25c:	80 83       	st	Z, r24
 25e:	10 92 c1 00 	sts	0x00C1, r1
 262:	08 95       	ret

00000264 <turnOffPWM>:
 264:	83 30       	cpi	r24, 0x03	; 3
 266:	81 f0       	breq	.+32     	; 0x288 <turnOffPWM+0x24>
 268:	28 f4       	brcc	.+10     	; 0x274 <turnOffPWM+0x10>
 26a:	81 30       	cpi	r24, 0x01	; 1
 26c:	99 f0       	breq	.+38     	; 0x294 <turnOffPWM+0x30>
 26e:	82 30       	cpi	r24, 0x02	; 2
 270:	a1 f0       	breq	.+40     	; 0x29a <turnOffPWM+0x36>
 272:	08 95       	ret
 274:	86 30       	cpi	r24, 0x06	; 6
 276:	a9 f0       	breq	.+42     	; 0x2a2 <turnOffPWM+0x3e>
 278:	87 30       	cpi	r24, 0x07	; 7
 27a:	b9 f0       	breq	.+46     	; 0x2aa <turnOffPWM+0x46>
 27c:	84 30       	cpi	r24, 0x04	; 4
 27e:	d1 f4       	brne	.+52     	; 0x2b4 <turnOffPWM+0x50>
 280:	80 91 80 00 	lds	r24, 0x0080
 284:	8f 7d       	andi	r24, 0xDF	; 223
 286:	03 c0       	rjmp	.+6      	; 0x28e <turnOffPWM+0x2a>
 288:	80 91 80 00 	lds	r24, 0x0080
 28c:	8f 77       	andi	r24, 0x7F	; 127
 28e:	80 93 80 00 	sts	0x0080, r24
 292:	08 95       	ret
 294:	84 b5       	in	r24, 0x24	; 36
 296:	8f 77       	andi	r24, 0x7F	; 127
 298:	02 c0       	rjmp	.+4      	; 0x29e <turnOffPWM+0x3a>
 29a:	84 b5       	in	r24, 0x24	; 36
 29c:	8f 7d       	andi	r24, 0xDF	; 223
 29e:	84 bd       	out	0x24, r24	; 36
 2a0:	08 95       	ret
 2a2:	80 91 b0 00 	lds	r24, 0x00B0
 2a6:	8f 77       	andi	r24, 0x7F	; 127
 2a8:	03 c0       	rjmp	.+6      	; 0x2b0 <turnOffPWM+0x4c>
 2aa:	80 91 b0 00 	lds	r24, 0x00B0
 2ae:	8f 7d       	andi	r24, 0xDF	; 223
 2b0:	80 93 b0 00 	sts	0x00B0, r24
 2b4:	08 95       	ret

000002b6 <pinMode>:
 2b6:	cf 93       	push	r28
 2b8:	df 93       	push	r29
 2ba:	90 e0       	ldi	r25, 0x00	; 0
 2bc:	fc 01       	movw	r30, r24
 2be:	e4 58       	subi	r30, 0x84	; 132
 2c0:	ff 4f       	sbci	r31, 0xFF	; 255
 2c2:	24 91       	lpm	r18, Z
 2c4:	fc 01       	movw	r30, r24
 2c6:	e0 57       	subi	r30, 0x70	; 112
 2c8:	ff 4f       	sbci	r31, 0xFF	; 255
 2ca:	84 91       	lpm	r24, Z
 2cc:	88 23       	and	r24, r24
 2ce:	49 f1       	breq	.+82     	; 0x322 <pinMode+0x6c>
 2d0:	90 e0       	ldi	r25, 0x00	; 0
 2d2:	88 0f       	add	r24, r24
 2d4:	99 1f       	adc	r25, r25
 2d6:	fc 01       	movw	r30, r24
 2d8:	e8 54       	subi	r30, 0x48	; 72
 2da:	ff 4f       	sbci	r31, 0xFF	; 255
 2dc:	a5 91       	lpm	r26, Z+
 2de:	b4 91       	lpm	r27, Z
 2e0:	82 55       	subi	r24, 0x52	; 82
 2e2:	9f 4f       	sbci	r25, 0xFF	; 255
 2e4:	fc 01       	movw	r30, r24
 2e6:	c5 91       	lpm	r28, Z+
 2e8:	d4 91       	lpm	r29, Z
 2ea:	9f b7       	in	r25, 0x3f	; 63
 2ec:	61 11       	cpse	r22, r1
 2ee:	08 c0       	rjmp	.+16     	; 0x300 <pinMode+0x4a>
 2f0:	f8 94       	cli
 2f2:	8c 91       	ld	r24, X
 2f4:	20 95       	com	r18
 2f6:	82 23       	and	r24, r18
 2f8:	8c 93       	st	X, r24
 2fa:	88 81       	ld	r24, Y
 2fc:	82 23       	and	r24, r18
 2fe:	0a c0       	rjmp	.+20     	; 0x314 <pinMode+0x5e>
 300:	62 30       	cpi	r22, 0x02	; 2
 302:	51 f4       	brne	.+20     	; 0x318 <pinMode+0x62>
 304:	f8 94       	cli
 306:	8c 91       	ld	r24, X
 308:	32 2f       	mov	r19, r18
 30a:	30 95       	com	r19
 30c:	83 23       	and	r24, r19
 30e:	8c 93       	st	X, r24
 310:	88 81       	ld	r24, Y
 312:	82 2b       	or	r24, r18
 314:	88 83       	st	Y, r24
 316:	04 c0       	rjmp	.+8      	; 0x320 <pinMode+0x6a>
 318:	f8 94       	cli
 31a:	8c 91       	ld	r24, X
 31c:	82 2b       	or	r24, r18
 31e:	8c 93       	st	X, r24
 320:	9f bf       	out	0x3f, r25	; 63
 322:	df 91       	pop	r29
 324:	cf 91       	pop	r28
 326:	08 95       	ret

00000328 <digitalWrite>:
 328:	0f 93       	push	r16
 32a:	1f 93       	push	r17
 32c:	cf 93       	push	r28
 32e:	df 93       	push	r29
 330:	1f 92       	push	r1
 332:	cd b7       	in	r28, 0x3d	; 61
 334:	de b7       	in	r29, 0x3e	; 62
 336:	28 2f       	mov	r18, r24
 338:	30 e0       	ldi	r19, 0x00	; 0
 33a:	f9 01       	movw	r30, r18
 33c:	e8 59       	subi	r30, 0x98	; 152
 33e:	ff 4f       	sbci	r31, 0xFF	; 255
 340:	84 91       	lpm	r24, Z
 342:	f9 01       	movw	r30, r18
 344:	e4 58       	subi	r30, 0x84	; 132
 346:	ff 4f       	sbci	r31, 0xFF	; 255
 348:	14 91       	lpm	r17, Z
 34a:	f9 01       	movw	r30, r18
 34c:	e0 57       	subi	r30, 0x70	; 112
 34e:	ff 4f       	sbci	r31, 0xFF	; 255
 350:	04 91       	lpm	r16, Z
 352:	00 23       	and	r16, r16
 354:	c9 f0       	breq	.+50     	; 0x388 <digitalWrite+0x60>
 356:	88 23       	and	r24, r24
 358:	21 f0       	breq	.+8      	; 0x362 <digitalWrite+0x3a>
 35a:	69 83       	std	Y+1, r22	; 0x01
 35c:	0e 94 32 01 	call	0x264	; 0x264 <turnOffPWM>
 360:	69 81       	ldd	r22, Y+1	; 0x01
 362:	e0 2f       	mov	r30, r16
 364:	f0 e0       	ldi	r31, 0x00	; 0
 366:	ee 0f       	add	r30, r30
 368:	ff 1f       	adc	r31, r31
 36a:	e2 55       	subi	r30, 0x52	; 82
 36c:	ff 4f       	sbci	r31, 0xFF	; 255
 36e:	a5 91       	lpm	r26, Z+
 370:	b4 91       	lpm	r27, Z
 372:	9f b7       	in	r25, 0x3f	; 63
 374:	f8 94       	cli
 376:	8c 91       	ld	r24, X
 378:	61 11       	cpse	r22, r1
 37a:	03 c0       	rjmp	.+6      	; 0x382 <digitalWrite+0x5a>
 37c:	10 95       	com	r17
 37e:	81 23       	and	r24, r17
 380:	01 c0       	rjmp	.+2      	; 0x384 <digitalWrite+0x5c>
 382:	81 2b       	or	r24, r17
 384:	8c 93       	st	X, r24
 386:	9f bf       	out	0x3f, r25	; 63
 388:	0f 90       	pop	r0
 38a:	df 91       	pop	r29
 38c:	cf 91       	pop	r28
 38e:	1f 91       	pop	r17
 390:	0f 91       	pop	r16
 392:	08 95       	ret

00000394 <pulseIn>:
 394:	8f 92       	push	r8
 396:	9f 92       	push	r9
 398:	af 92       	push	r10
 39a:	bf 92       	push	r11
 39c:	cf 92       	push	r12
 39e:	df 92       	push	r13
 3a0:	ef 92       	push	r14
 3a2:	ff 92       	push	r15
 3a4:	0f 93       	push	r16
 3a6:	1f 93       	push	r17
 3a8:	cf 93       	push	r28
 3aa:	df 93       	push	r29
 3ac:	90 e0       	ldi	r25, 0x00	; 0
 3ae:	fc 01       	movw	r30, r24
 3b0:	e4 58       	subi	r30, 0x84	; 132
 3b2:	ff 4f       	sbci	r31, 0xFF	; 255
 3b4:	04 91       	lpm	r16, Z
 3b6:	fc 01       	movw	r30, r24
 3b8:	e0 57       	subi	r30, 0x70	; 112
 3ba:	ff 4f       	sbci	r31, 0xFF	; 255
 3bc:	74 91       	lpm	r23, Z
 3be:	61 11       	cpse	r22, r1
 3c0:	02 c0       	rjmp	.+4      	; 0x3c6 <pulseIn+0x32>
 3c2:	10 e0       	ldi	r17, 0x00	; 0
 3c4:	01 c0       	rjmp	.+2      	; 0x3c8 <pulseIn+0x34>
 3c6:	10 2f       	mov	r17, r16
 3c8:	da 01       	movw	r26, r20
 3ca:	c9 01       	movw	r24, r18
 3cc:	bf 70       	andi	r27, 0x0F	; 15
 3ce:	67 2f       	mov	r22, r23
 3d0:	70 e0       	ldi	r23, 0x00	; 0
 3d2:	66 0f       	add	r22, r22
 3d4:	77 1f       	adc	r23, r23
 3d6:	6c 55       	subi	r22, 0x5C	; 92
 3d8:	7f 4f       	sbci	r23, 0xFF	; 255
 3da:	81 2c       	mov	r8, r1
 3dc:	91 2c       	mov	r9, r1
 3de:	54 01       	movw	r10, r8
 3e0:	fb 01       	movw	r30, r22
 3e2:	c5 91       	lpm	r28, Z+
 3e4:	d4 91       	lpm	r29, Z
 3e6:	e8 81       	ld	r30, Y
 3e8:	e0 23       	and	r30, r16
 3ea:	e1 13       	cpse	r30, r17
 3ec:	10 c0       	rjmp	.+32     	; 0x40e <pulseIn+0x7a>
 3ee:	75 01       	movw	r14, r10
 3f0:	64 01       	movw	r12, r8
 3f2:	2f ef       	ldi	r18, 0xFF	; 255
 3f4:	c2 1a       	sub	r12, r18
 3f6:	d2 0a       	sbc	r13, r18
 3f8:	e2 0a       	sbc	r14, r18
 3fa:	f2 0a       	sbc	r15, r18
 3fc:	88 16       	cp	r8, r24
 3fe:	99 06       	cpc	r9, r25
 400:	aa 06       	cpc	r10, r26
 402:	bb 06       	cpc	r11, r27
 404:	09 f4       	brne	.+2      	; 0x408 <pulseIn+0x74>
 406:	41 c0       	rjmp	.+130    	; 0x48a <pulseIn+0xf6>
 408:	46 01       	movw	r8, r12
 40a:	57 01       	movw	r10, r14
 40c:	ec cf       	rjmp	.-40     	; 0x3e6 <pulseIn+0x52>
 40e:	fb 01       	movw	r30, r22
 410:	c5 91       	lpm	r28, Z+
 412:	d4 91       	lpm	r29, Z
 414:	e8 81       	ld	r30, Y
 416:	e0 23       	and	r30, r16
 418:	e1 17       	cp	r30, r17
 41a:	79 f0       	breq	.+30     	; 0x43a <pulseIn+0xa6>
 41c:	75 01       	movw	r14, r10
 41e:	64 01       	movw	r12, r8
 420:	2f ef       	ldi	r18, 0xFF	; 255
 422:	c2 1a       	sub	r12, r18
 424:	d2 0a       	sbc	r13, r18
 426:	e2 0a       	sbc	r14, r18
 428:	f2 0a       	sbc	r15, r18
 42a:	88 16       	cp	r8, r24
 42c:	99 06       	cpc	r9, r25
 42e:	aa 06       	cpc	r10, r26
 430:	bb 06       	cpc	r11, r27
 432:	59 f1       	breq	.+86     	; 0x48a <pulseIn+0xf6>
 434:	46 01       	movw	r8, r12
 436:	57 01       	movw	r10, r14
 438:	ed cf       	rjmp	.-38     	; 0x414 <pulseIn+0x80>
 43a:	88 19       	sub	r24, r8
 43c:	99 09       	sbc	r25, r9
 43e:	aa 09       	sbc	r26, r10
 440:	bb 09       	sbc	r27, r11
 442:	20 e0       	ldi	r18, 0x00	; 0
 444:	30 e0       	ldi	r19, 0x00	; 0
 446:	a9 01       	movw	r20, r18
 448:	fb 01       	movw	r30, r22
 44a:	c5 91       	lpm	r28, Z+
 44c:	d4 91       	lpm	r29, Z
 44e:	68 81       	ld	r22, Y
 450:	60 23       	and	r22, r16
 452:	61 13       	cpse	r22, r17
 454:	0a c0       	rjmp	.+20     	; 0x46a <pulseIn+0xd6>
 456:	28 17       	cp	r18, r24
 458:	39 07       	cpc	r19, r25
 45a:	4a 07       	cpc	r20, r26
 45c:	5b 07       	cpc	r21, r27
 45e:	a9 f0       	breq	.+42     	; 0x48a <pulseIn+0xf6>
 460:	2f 5f       	subi	r18, 0xFF	; 255
 462:	3f 4f       	sbci	r19, 0xFF	; 255
 464:	4f 4f       	sbci	r20, 0xFF	; 255
 466:	5f 4f       	sbci	r21, 0xFF	; 255
 468:	f2 cf       	rjmp	.-28     	; 0x44e <pulseIn+0xba>
 46a:	a5 e1       	ldi	r26, 0x15	; 21
 46c:	b0 e0       	ldi	r27, 0x00	; 0
 46e:	0e 94 62 02 	call	0x4c4	; 0x4c4 <__muluhisi3>
 472:	60 5f       	subi	r22, 0xF0	; 240
 474:	7f 4f       	sbci	r23, 0xFF	; 255
 476:	8f 4f       	sbci	r24, 0xFF	; 255
 478:	9f 4f       	sbci	r25, 0xFF	; 255
 47a:	24 e0       	ldi	r18, 0x04	; 4
 47c:	96 95       	lsr	r25
 47e:	87 95       	ror	r24
 480:	77 95       	ror	r23
 482:	67 95       	ror	r22
 484:	2a 95       	dec	r18
 486:	d1 f7       	brne	.-12     	; 0x47c <pulseIn+0xe8>
 488:	03 c0       	rjmp	.+6      	; 0x490 <pulseIn+0xfc>
 48a:	60 e0       	ldi	r22, 0x00	; 0
 48c:	70 e0       	ldi	r23, 0x00	; 0
 48e:	cb 01       	movw	r24, r22
 490:	df 91       	pop	r29
 492:	cf 91       	pop	r28
 494:	1f 91       	pop	r17
 496:	0f 91       	pop	r16
 498:	ff 90       	pop	r15
 49a:	ef 90       	pop	r14
 49c:	df 90       	pop	r13
 49e:	cf 90       	pop	r12
 4a0:	bf 90       	pop	r11
 4a2:	af 90       	pop	r10
 4a4:	9f 90       	pop	r9
 4a6:	8f 90       	pop	r8
 4a8:	08 95       	ret

000004aa <main>:
 4aa:	0e 94 f7 00 	call	0x1ee	; 0x1ee <init>
 4ae:	0e 94 75 00 	call	0xea	; 0xea <setup>
 4b2:	c0 e0       	ldi	r28, 0x00	; 0
 4b4:	d0 e0       	ldi	r29, 0x00	; 0
 4b6:	0e 94 a0 00 	call	0x140	; 0x140 <loop>
 4ba:	20 97       	sbiw	r28, 0x00	; 0
 4bc:	e1 f3       	breq	.-8      	; 0x4b6 <main+0xc>
 4be:	0e 94 00 00 	call	0	; 0x0 <__vectors>
 4c2:	f9 cf       	rjmp	.-14     	; 0x4b6 <main+0xc>

000004c4 <__muluhisi3>:
 4c4:	0e 94 81 02 	call	0x502	; 0x502 <__umulhisi3>
 4c8:	a5 9f       	mul	r26, r21
 4ca:	90 0d       	add	r25, r0
 4cc:	b4 9f       	mul	r27, r20
 4ce:	90 0d       	add	r25, r0
 4d0:	a4 9f       	mul	r26, r20
 4d2:	80 0d       	add	r24, r0
 4d4:	91 1d       	adc	r25, r1
 4d6:	11 24       	eor	r1, r1
 4d8:	08 95       	ret

000004da <__divmodhi4>:
 4da:	97 fb       	bst	r25, 7
 4dc:	07 2e       	mov	r0, r23
 4de:	16 f4       	brtc	.+4      	; 0x4e4 <__divmodhi4+0xa>
 4e0:	00 94       	com	r0
 4e2:	07 d0       	rcall	.+14     	; 0x4f2 <__divmodhi4_neg1>
 4e4:	77 fd       	sbrc	r23, 7
 4e6:	09 d0       	rcall	.+18     	; 0x4fa <__divmodhi4_neg2>
 4e8:	0e 94 90 02 	call	0x520	; 0x520 <__udivmodhi4>
 4ec:	07 fc       	sbrc	r0, 7
 4ee:	05 d0       	rcall	.+10     	; 0x4fa <__divmodhi4_neg2>
 4f0:	3e f4       	brtc	.+14     	; 0x500 <__divmodhi4_exit>

000004f2 <__divmodhi4_neg1>:
 4f2:	90 95       	com	r25
 4f4:	81 95       	neg	r24
 4f6:	9f 4f       	sbci	r25, 0xFF	; 255
 4f8:	08 95       	ret

000004fa <__divmodhi4_neg2>:
 4fa:	70 95       	com	r23
 4fc:	61 95       	neg	r22
 4fe:	7f 4f       	sbci	r23, 0xFF	; 255

00000500 <__divmodhi4_exit>:
 500:	08 95       	ret

00000502 <__umulhisi3>:
 502:	a2 9f       	mul	r26, r18
 504:	b0 01       	movw	r22, r0
 506:	b3 9f       	mul	r27, r19
 508:	c0 01       	movw	r24, r0
 50a:	a3 9f       	mul	r26, r19
 50c:	70 0d       	add	r23, r0
 50e:	81 1d       	adc	r24, r1
 510:	11 24       	eor	r1, r1
 512:	91 1d       	adc	r25, r1
 514:	b2 9f       	mul	r27, r18
 516:	70 0d       	add	r23, r0
 518:	81 1d       	adc	r24, r1
 51a:	11 24       	eor	r1, r1
 51c:	91 1d       	adc	r25, r1
 51e:	08 95       	ret

00000520 <__udivmodhi4>:
 520:	aa 1b       	sub	r26, r26
 522:	bb 1b       	sub	r27, r27
 524:	51 e1       	ldi	r21, 0x11	; 17
 526:	07 c0       	rjmp	.+14     	; 0x536 <__udivmodhi4_ep>

00000528 <__udivmodhi4_loop>:
 528:	aa 1f       	adc	r26, r26
 52a:	bb 1f       	adc	r27, r27
 52c:	a6 17       	cp	r26, r22
 52e:	b7 07       	cpc	r27, r23
 530:	10 f0       	brcs	.+4      	; 0x536 <__udivmodhi4_ep>
 532:	a6 1b       	sub	r26, r22
 534:	b7 0b       	sbc	r27, r23

00000536 <__udivmodhi4_ep>:
 536:	88 1f       	adc	r24, r24
 538:	99 1f       	adc	r25, r25
 53a:	5a 95       	dec	r21
 53c:	a9 f7       	brne	.-22     	; 0x528 <__udivmodhi4_loop>
 53e:	80 95       	com	r24
 540:	90 95       	com	r25
 542:	bc 01       	movw	r22, r24
 544:	cd 01       	movw	r24, r26
 546:	08 95       	ret

00000548 <_exit>:
 548:	f8 94       	cli

0000054a <__stop_program>:
 54a:	ff cf       	rjmp	.-2      	; 0x54a <__stop_program>
